+ ./kubensx --debug ls -u
example-us@possibly-gmail.com
example@possibly-gmail.com
minikube
+ ./kubensx --debug ls -c
minikube
us
us-east1
us-west1
+ ./kubensx --debug use minikube:minikube/default
Searching for "minikube(true):minikube/default(true)"
Initializing client with "minikube:minikube"
Set "kubensx-prev" to "minikube:minikube/"
Set "kubensx-current" to "minikube:minikube/default"
Deleted assoc[iation] "kubensx-assoc:example-us@possibly-gmail.com:cluster-that-no-longer-exist"
Found assoc[iation] "kubensx-assoc:example-us@possibly-gmail.com:us-east1"
Found assoc[iation] "kubensx-assoc:example-us@possibly-gmail.com:us-west1"
Deleted assoc[iation] "kubensx-assoc:user-that-no-longer-exists:us-east1"
Switched to minikube:minikube/default
+ ./kubensx --debug use -x -
Switched to minikube:minikube/
+ yes
+ ./kubensx use --debug --no-color
[0G[2Kcluster:
â¯ minikube
  us
  us-east1
  us-west1
[?25l[0G[2K[1F[2K[1F[2K[1F[2K[1F[2K[1F[2Kcluster:
â¯ minikube
  us
  us-east1
  us-west1
[?25h[0G[2K[1F[2K[1F[2K[1F[2K[1F[2K[1F[2Kcluster: minikube
[0G[2Kuser:
  example-us@possibly-gmail.com
  example@possibly-gmail.com
â¯ minikube
[?25l[0G[2K[1F[2K[1F[2K[1F[2K[1F[2Kuser:
  example-us@possibly-gmail.com
  example@possibly-gmail.com
â¯ minikube
[?25h[0G[2K[1F[2K[1F[2K[1F[2K[1F[2Kuser: minikube
Initializing client with "minikube:minikube"
[0G[2Knamespace:
â¯ default
  kube-public
  kube-system
[?25l[0G[2K[1F[2K[1F[2K[1F[2K[1F[2Knamespace:
â¯ default
  kube-public
  kube-system
[?25h[0G[2K[1F[2K[1F[2K[1F[2K[1F[2Knamespace: default
Set "kubensx-prev" to "minikube:minikube/default"
Set "kubensx-current" to "minikube:minikube/default"
Found assoc[iation] "kubensx-assoc:example-us@possibly-gmail.com:us-east1"
Found assoc[iation] "kubensx-assoc:example-us@possibly-gmail.com:us-west1"
Switched to minikube:minikube/default
+ ./kubensx --debug current
minikube:minikube/default
+ ./kubensx --debug current -u
minikube
+ ./kubensx --debug current -c
minikube
+ ./kubensx --debug current -n
default
+ ./kubensx --debug use -x ':/*'
Searching for "(true):/*(true)"
Initializing client with ":"
:/default
:/kube-public
:/kube-system
+ ./kubensx --debug use -x ':*/'
Searching for "(true):*/(true)"
:minikube/
:us/
:us-east1/
:us-west1/
+ ./kubensx --debug use -x '*:/'
Searching for "*(true):/(true)"
example-us@possibly-gmail.com:/
example@possibly-gmail.com:/
minikube:/
+ ./kubensx --debug use -x :
Searching for "(true):/default(false)"
Initializing client with ":"
:/default
+ ./kubensx --debug use -x minikube:minikube
Searching for "minikube(true):minikube/default(false)"
Initializing client with "minikube:minikube"
minikube:minikube/default
+ ./kubensx --debug use -x kube:kube
Searching for "kube(true):kube/default(false)"
Initializing client with "minikube:minikube"
minikube:minikube/default
+ ./kubensx --debug use -x /
Searching for "minikube(false):/(true)"
minikube:/
+ ./kubensx --debug use -x /default
Searching for "minikube(false):/default(true)"
Initializing client with "minikube:"
minikube:/default
+ ./kubensx --debug use -x /def
Searching for "minikube(false):/def(true)"
Initializing client with "minikube:"
minikube:/default
+ ./kubensx --debug use -x ''
Searching for "minikube(false):minikube/(true)"
minikube:minikube/
+ ./kubensx --debug use -x default
Searching for "minikube(false):minikube/default(true)"
Initializing client with "minikube:minikube"
minikube:minikube/default
+ ./kubensx --debug use -x def
Searching for "minikube(false):minikube/def(true)"
Initializing client with "minikube:minikube"
minikube:minikube/default
+ ./kubensx --debug use -xu kube
Searching for "kube(true):minikube/default(false)"
Initializing client with "minikube:minikube"
minikube:minikube/default
+ ./kubensx --debug use -xc 'us*'
Searching for "minikube(false):us*/default(false)"
Initializing client with "minikube:us"
minikube:us/default
Initializing client with "example-us@possibly-gmail.com:us-east1"
example-us@possibly-gmail.com:us-east1/default
Initializing client with "example-us@possibly-gmail.com:us-west1"
example-us@possibly-gmail.com:us-west1/default
+ ./kubensx --debug use -x :us1/
Searching for "(true):us1/(true)"
+ ./kubensx --debug use -x :us-/
Searching for "(true):us-/(true)"
:us-east1/
:us-west1/
+ ./kubensx --debug use -x :us/
Searching for "(true):us/(true)"
:us/
+ ./kubensx --debug use -x ':us*/'
Searching for "(true):us*/(true)"
:us/
:us-east1/
:us-west1/
+ ./kubensx --debug use -xe :us1/
Searching for "(true):us1/(true)"
+ ./kubensx --debug use -xe :us-/
Searching for "(true):us-/(true)"
+ ./kubensx --debug use -xe :us/
Searching for "(true):us/(true)"
:us/
+ ./kubensx --debug use -xz :us1/
Searching for "(true):us1/(true)"
:us-east1/
:us-west1/
+ ./kubensx --debug use -xz :us-/
Searching for "(true):us-/(true)"
:us-east1/
:us-west1/
+ ./kubensx --debug use -xz :us/
Searching for "(true):us/(true)"
:us/
+ ./kubensx --debug assoc minikube:minikube
+ minikube:minikube
Found assoc[iation] "kubensx-assoc:example-us@possibly-gmail.com:us-east1"
Found assoc[iation] "kubensx-assoc:example-us@possibly-gmail.com:us-west1"
Found assoc[iation] "kubensx-assoc:minikube:minikube"
+ ./kubensx --debug assoc -l
example-us@possibly-gmail.com:us-east1
example-us@possibly-gmail.com:us-west1
minikube:minikube
+ ./kubensx --debug assoc -x minikube
+ minikube:us
+ minikube:us-east1
+ minikube:us-west1
+ ./kubensx --debug assoc -x kube
+ minikube:us
+ minikube:us-east1
+ minikube:us-west1
+ ./kubensx --debug assoc -x minikube:minikube
+ ./kubensx --debug assoc -x kube:kube
+ ./kubensx --debug assoc -x 'kube:*'
+ minikube:us
+ minikube:us-east1
+ minikube:us-west1
+ ./kubensx --debug assoc -x '*:kube'
+ example-us@possibly-gmail.com:minikube
+ example@possibly-gmail.com:minikube
+ ./kubensx --debug assoc -x :
<user> cannot be empty
+ ./kubensx --debug assoc -x '*:'
<cluster> cannot be empty
+ ./kubensx --debug assoc -x ':*'
<user> cannot be empty
+ ./kubensx --debug use -x '*:kube'
Searching for "*(true):kube/default(false)"
Initializing client with "minikube:minikube"
minikube:minikube/default
+ ./kubensx --debug use -x --ignore-assoc '*:kube'
Searching for "*(true):kube/default(false)"
Initializing client with "example-us@possibly-gmail.com:minikube"
example-us@possibly-gmail.com:minikube/default
Initializing client with "example@possibly-gmail.com:minikube"
example@possibly-gmail.com:minikube/default
Initializing client with "minikube:minikube"
minikube:minikube/default
+ echo done
done
